2019-04-03 22:34:21,202 INFO  [Log] **************************************************************************************** 
2019-04-03 22:34:21,204 INFO  [Log] **************************************************************************************** 
2019-04-03 22:34:21,204 INFO  [Log] $$$$$$$$$$$$$$$$$$$$$                 Navigate_01       $$$$$$$$$$$$$$$$$$$$$$$$$ 
2019-04-03 22:34:21,204 INFO  [Log] **************************************************************************************** 
2019-04-03 22:34:21,204 INFO  [Log] **************************************************************************************** 
2019-04-03 22:34:21,205 INFO  [Log] Opening Browser 
2019-04-03 22:34:25,736 INFO  [Log] Chrome browser started 
2019-04-03 22:34:25,903 INFO  [Log] Navigating to URL 
2019-04-03 22:34:30,182 INFO  [Log] Wait for 5 seconds 
2019-04-03 22:34:35,914 INFO  [Log] XXXXXXXXXXXXXXXXXXXXXXX             -E---N---D-             XXXXXXXXXXXXXXXXXXXXXX 
2019-04-03 22:34:35,914 INFO  [Log] X 
2019-04-03 22:34:35,914 INFO  [Log] X 
2019-04-03 22:34:35,914 INFO  [Log] X 
2019-04-03 22:34:35,914 INFO  [Log] X 
2019-04-03 22:34:35,919 INFO  [Log] **************************************************************************************** 
2019-04-03 22:34:35,919 INFO  [Log] **************************************************************************************** 
2019-04-03 22:34:35,919 INFO  [Log] $$$$$$$$$$$$$$$$$$$$$                 Login_01       $$$$$$$$$$$$$$$$$$$$$$$$$ 
2019-04-03 22:34:35,919 INFO  [Log] **************************************************************************************** 
2019-04-03 22:34:35,919 INFO  [Log] **************************************************************************************** 
2019-04-03 22:34:35,920 INFO  [Log] Entering the text in txtbx_UserName 
2019-04-03 22:34:36,314 INFO  [Log] Entering the text in txtbx_Password 
2019-04-03 22:34:36,673 INFO  [Log] Clicking on Webelement btn_LogIn 
2019-04-03 22:34:41,527 INFO  [Log] XXXXXXXXXXXXXXXXXXXXXXX             -E---N---D-             XXXXXXXXXXXXXXXXXXXXXX 
2019-04-03 22:34:41,527 INFO  [Log] X 
2019-04-03 22:34:41,527 INFO  [Log] X 
2019-04-03 22:34:41,527 INFO  [Log] X 
2019-04-03 22:34:41,527 INFO  [Log] X 
2019-04-03 22:34:41,527 INFO  [Log] **************************************************************************************** 
2019-04-03 22:34:41,527 INFO  [Log] **************************************************************************************** 
2019-04-03 22:34:41,527 INFO  [Log] $$$$$$$$$$$$$$$$$$$$$                 Contacts_01       $$$$$$$$$$$$$$$$$$$$$$$$$ 
2019-04-03 22:34:41,527 INFO  [Log] **************************************************************************************** 
2019-04-03 22:34:41,527 INFO  [Log] **************************************************************************************** 
2019-04-03 22:34:41,527 INFO  [Log] Wait for 5 seconds 
2019-04-03 22:34:46,684 INFO  [Log] Moved over to 'lnk_contact' 
2019-04-03 22:34:46,991 INFO  [Log] Clicking on Webelement lnk_newContact 
2019-04-03 22:34:48,552 INFO  [Log] Entering the text in txtbx_FirstName 
2019-04-03 22:34:48,780 INFO  [Log] Entering the text in txtbx_LastName 
2019-04-03 22:34:48,980 INFO  [Log] Clicking on Webelement btn_Save 
2019-04-03 22:34:50,306 INFO  [Log] XXXXXXXXXXXXXXXXXXXXXXX             -E---N---D-             XXXXXXXXXXXXXXXXXXXXXX 
2019-04-03 22:34:50,306 INFO  [Log] X 
2019-04-03 22:34:50,306 INFO  [Log] X 
2019-04-03 22:34:50,306 INFO  [Log] X 
2019-04-03 22:34:50,306 INFO  [Log] X 
2019-04-03 22:34:50,306 ERROR [Log] Class Utils | Method getCellData | Exception desc : null 
2019-04-03 22:34:50,306 INFO  [Log] **************************************************************************************** 
2019-04-03 22:34:50,306 INFO  [Log] **************************************************************************************** 
2019-04-03 22:34:50,306 INFO  [Log] $$$$$$$$$$$$$$$$$$$$$                 Search Contacts_01       $$$$$$$$$$$$$$$$$$$$$$$$$ 
2019-04-03 22:34:50,306 INFO  [Log] **************************************************************************************** 
2019-04-03 22:34:50,306 INFO  [Log] **************************************************************************************** 
2019-04-03 22:34:50,306 INFO  [Log] Clicking on Webelement lnk_contact 
2019-04-03 22:34:51,210 INFO  [Log] Entering the text in txtbx_Name 
2019-04-03 22:34:51,383 INFO  [Log] Clicking on Webelement btn_Search 
2019-04-03 22:34:52,234 INFO  [Log] Searching for contact details in table 'tbl_ContactSearch' 
2019-04-03 22:34:52,354 INFO  [Log] Clicking on Webelement lnk_LogOut 
2019-04-03 22:34:53,491 INFO  [Log] Closing the browser-- Chrome 
2019-04-03 22:34:54,543 INFO  [Log] XXXXXXXXXXXXXXXXXXXXXXX             -E---N---D-             XXXXXXXXXXXXXXXXXXXXXX 
2019-04-03 22:34:54,543 INFO  [Log] X 
2019-04-03 22:34:54,543 INFO  [Log] X 
2019-04-03 22:34:54,543 INFO  [Log] X 
2019-04-03 22:34:54,543 INFO  [Log] X 
2019-04-03 22:34:54,543 ERROR [Log] Class Utils | Method getCellData | Exception desc : null 
2019-04-03 22:34:54,543 ERROR [Log] Class Utils | Method getCellData | Exception desc : null 
